2024-05-08 10:53:21 661 [main] DEBUG org.apache.ibatis.logging.LogFactory - Logging initialized using 'class org.apache.ibatis.logging.log4j2.Log4j2Impl' adapter.
2024-05-08 10:53:22 423 [main] DEBUG org.mybatis.spring.SqlSessionUtils - Creating a new SqlSession
2024-05-08 10:53:22 439 [main] DEBUG org.mybatis.spring.SqlSessionUtils - SqlSession [org.apache.ibatis.session.defaults.DefaultSqlSession@2e54db99] was not registered for synchronization because synchronization is not active
2024-05-08 10:53:22 492 [main] DEBUG org.mybatis.spring.transaction.SpringManagedTransaction - JDBC Connection [HikariProxyConnection@475394679 wrapping org.mariadb.jdbc.MariaDbConnection@5ddabb18] will not be managed by Spring
2024-05-08 10:53:22 518 [main] DEBUG userNS.selectUserById - ==>  Preparing: select * from users where userid=?
2024-05-08 10:53:22 584 [main] DEBUG userNS.selectUserById - ==> Parameters: dooly(String)
2024-05-08 10:53:22 625 [main] DEBUG userNS.selectUserById - <==      Total: 1
2024-05-08 10:53:22 627 [main] DEBUG org.mybatis.spring.SqlSessionUtils - Closing non transactional SqlSession [org.apache.ibatis.session.defaults.DefaultSqlSession@2e54db99]
2024-05-08 11:27:26 497 [main] DEBUG org.mybatis.spring.mapper.ClassPathMapperScanner - Identified candidate component class: file [C:\sts3.9-bundle\workspace\MySpringFW\target\classes\myspring\student\dao\mapper\StudentMapper.class]
2024-05-08 11:27:26 502 [main] DEBUG org.mybatis.spring.mapper.ClassPathMapperScanner - Identified candidate component class: file [C:\sts3.9-bundle\workspace\MySpringFW\target\classes\myspring\user\dao\mapper\UserMapper.class]
2024-05-08 11:27:26 516 [main] DEBUG org.mybatis.spring.mapper.ClassPathMapperScanner - Creating MapperFactoryBean with name 'studentMapper' and 'myspring.student.dao.mapper.StudentMapper' mapperInterface
2024-05-08 11:27:26 517 [main] DEBUG org.mybatis.spring.mapper.ClassPathMapperScanner - Creating MapperFactoryBean with name 'userMapper' and 'myspring.user.dao.mapper.UserMapper' mapperInterface
2024-05-08 11:27:26 937 [main] DEBUG org.apache.ibatis.logging.LogFactory - Logging initialized using 'class org.apache.ibatis.logging.log4j2.Log4j2Impl' adapter.
2024-05-08 11:27:27 602 [main] DEBUG org.mybatis.spring.SqlSessionUtils - Creating a new SqlSession
2024-05-08 11:27:27 613 [main] DEBUG org.mybatis.spring.SqlSessionUtils - SqlSession [org.apache.ibatis.session.defaults.DefaultSqlSession@7e985ce9] was not registered for synchronization because synchronization is not active
2024-05-08 11:27:27 646 [main] DEBUG org.mybatis.spring.transaction.SpringManagedTransaction - JDBC Connection [HikariProxyConnection@1324173038 wrapping org.mariadb.jdbc.MariaDbConnection@36b0fcd5] will not be managed by Spring
2024-05-08 11:27:27 660 [main] DEBUG myspring.user.dao.mapper.UserMapper.selectUserById - ==>  Preparing: select * from users where userid=?
2024-05-08 11:27:27 704 [main] DEBUG myspring.user.dao.mapper.UserMapper.selectUserById - ==> Parameters: gildong(String)
2024-05-08 11:27:27 740 [main] DEBUG myspring.user.dao.mapper.UserMapper.selectUserById - <==      Total: 1
2024-05-08 11:27:27 743 [main] DEBUG org.mybatis.spring.SqlSessionUtils - Closing non transactional SqlSession [org.apache.ibatis.session.defaults.DefaultSqlSession@7e985ce9]
2024-05-08 11:34:46 209 [main] DEBUG org.mybatis.spring.mapper.ClassPathMapperScanner - Identified candidate component class: file [C:\sts3.9-bundle\workspace\MySpringFW\target\classes\myspring\student\dao\mapper\StudentMapper.class]
2024-05-08 11:34:46 215 [main] DEBUG org.mybatis.spring.mapper.ClassPathMapperScanner - Identified candidate component class: file [C:\sts3.9-bundle\workspace\MySpringFW\target\classes\myspring\user\dao\mapper\UserMapper.class]
2024-05-08 11:34:46 222 [main] DEBUG org.mybatis.spring.mapper.ClassPathMapperScanner - Creating MapperFactoryBean with name 'studentMapper' and 'myspring.student.dao.mapper.StudentMapper' mapperInterface
2024-05-08 11:34:46 222 [main] DEBUG org.mybatis.spring.mapper.ClassPathMapperScanner - Creating MapperFactoryBean with name 'userMapper' and 'myspring.user.dao.mapper.UserMapper' mapperInterface
2024-05-08 11:34:46 769 [main] DEBUG org.apache.ibatis.logging.LogFactory - Logging initialized using 'class org.apache.ibatis.logging.log4j2.Log4j2Impl' adapter.
2024-05-08 11:34:47 516 [main] DEBUG org.mybatis.spring.SqlSessionUtils - Creating a new SqlSession
2024-05-08 11:34:47 527 [main] DEBUG org.mybatis.spring.SqlSessionUtils - SqlSession [org.apache.ibatis.session.defaults.DefaultSqlSession@7e985ce9] was not registered for synchronization because synchronization is not active
2024-05-08 11:34:47 561 [main] DEBUG org.mybatis.spring.transaction.SpringManagedTransaction - JDBC Connection [HikariProxyConnection@1324173038 wrapping org.mariadb.jdbc.MariaDbConnection@36b0fcd5] will not be managed by Spring
2024-05-08 11:34:47 574 [main] DEBUG myspring.user.dao.mapper.UserMapper.selectUserById - ==>  Preparing: select * from users where userid=?
2024-05-08 11:34:47 625 [main] DEBUG myspring.user.dao.mapper.UserMapper.selectUserById - ==> Parameters: gildong(String)
2024-05-08 11:34:47 669 [main] DEBUG myspring.user.dao.mapper.UserMapper.selectUserById - <==      Total: 1
2024-05-08 11:34:47 672 [main] DEBUG org.mybatis.spring.SqlSessionUtils - Closing non transactional SqlSession [org.apache.ibatis.session.defaults.DefaultSqlSession@7e985ce9]
2024-05-08 11:34:47 675 [main] DEBUG org.mybatis.spring.SqlSessionUtils - Creating a new SqlSession
2024-05-08 11:34:47 676 [main] DEBUG org.mybatis.spring.SqlSessionUtils - SqlSession [org.apache.ibatis.session.defaults.DefaultSqlSession@60d8c0dc] was not registered for synchronization because synchronization is not active
2024-05-08 11:34:47 676 [main] DEBUG org.mybatis.spring.transaction.SpringManagedTransaction - JDBC Connection [HikariProxyConnection@1107579932 wrapping org.mariadb.jdbc.MariaDbConnection@36b0fcd5] will not be managed by Spring
2024-05-08 11:34:47 677 [main] DEBUG myspring.user.dao.mapper.UserMapper.updateUser - ==>  Preparing: update users set name = ?, gender = ?, city = ? where userid = ?
2024-05-08 11:34:47 678 [main] DEBUG myspring.user.dao.mapper.UserMapper.updateUser - ==> Parameters: 홍길동(String), 남(String), 경기(String), gildong(String)
2024-05-08 11:34:47 683 [main] DEBUG myspring.user.dao.mapper.UserMapper.updateUser - <==    Updates: 1
2024-05-08 11:34:47 683 [main] DEBUG org.mybatis.spring.SqlSessionUtils - Closing non transactional SqlSession [org.apache.ibatis.session.defaults.DefaultSqlSession@60d8c0dc]
